/*C3*/SET SCHEMA PUBLIC
alter table booking drop constraint FK_18isiyqe7rke5ss0samkhinpp
drop table booking if exists
drop table users if exists
create table booking (id integer generated by default as identity (start with 1), price double not null, user integer, primary key (id))
create table users (id integer generated by default as identity (start with 1), password varchar(255) not null, username varchar(255) not null, primary key (id))
alter table users add constraint UK_r43af9ap4edm43mmtq01oddj6  unique (username)
alter table booking add constraint FK_18isiyqe7rke5ss0samkhinpp foreign key (user) references users
INSERT INTO USERS VALUES(1,'password0','username0')
COMMIT
INSERT INTO USERS VALUES(2,'password1','username1')
COMMIT
INSERT INTO USERS VALUES(3,'password2','username2')
COMMIT
INSERT INTO USERS VALUES(4,'password3','username3')
COMMIT
INSERT INTO USERS VALUES(5,'password4','username4')
COMMIT
INSERT INTO USERS VALUES(6,'password5','username5')
COMMIT
INSERT INTO USERS VALUES(7,'password6','username6')
COMMIT
INSERT INTO USERS VALUES(8,'password7','username7')
COMMIT
INSERT INTO USERS VALUES(9,'password8','username8')
COMMIT
INSERT INTO USERS VALUES(10,'password9','username9')
COMMIT
INSERT INTO USERS VALUES(11,'password10','username10')
COMMIT
INSERT INTO USERS VALUES(12,'password11','username11')
COMMIT
INSERT INTO USERS VALUES(13,'password12','username12')
COMMIT
INSERT INTO USERS VALUES(14,'password13','username13')
COMMIT
INSERT INTO USERS VALUES(15,'password14','username14')
COMMIT
INSERT INTO USERS VALUES(16,'password15','username15')
COMMIT
INSERT INTO USERS VALUES(17,'password16','username16')
COMMIT
INSERT INTO USERS VALUES(18,'password17','username17')
COMMIT
INSERT INTO USERS VALUES(19,'password18','username18')
COMMIT
INSERT INTO USERS VALUES(20,'password19','username19')
COMMIT
INSERT INTO USERS VALUES(21,'password20','username20')
COMMIT
INSERT INTO USERS VALUES(22,'password21','username21')
COMMIT
INSERT INTO USERS VALUES(23,'password22','username22')
COMMIT
INSERT INTO USERS VALUES(24,'password23','username23')
COMMIT
INSERT INTO USERS VALUES(25,'password24','username24')
COMMIT
INSERT INTO USERS VALUES(26,'password25','username25')
COMMIT
INSERT INTO USERS VALUES(27,'password26','username26')
COMMIT
INSERT INTO USERS VALUES(28,'password27','username27')
COMMIT
INSERT INTO USERS VALUES(29,'password28','username28')
COMMIT
INSERT INTO USERS VALUES(30,'password29','username29')
COMMIT
INSERT INTO USERS VALUES(31,'password30','username30')
COMMIT
INSERT INTO USERS VALUES(32,'password31','username31')
COMMIT
INSERT INTO USERS VALUES(33,'password32','username32')
COMMIT
INSERT INTO USERS VALUES(34,'password33','username33')
COMMIT
INSERT INTO USERS VALUES(35,'password34','username34')
COMMIT
INSERT INTO USERS VALUES(36,'password35','username35')
COMMIT
INSERT INTO USERS VALUES(37,'password36','username36')
COMMIT
INSERT INTO USERS VALUES(38,'password37','username37')
COMMIT
INSERT INTO USERS VALUES(39,'password38','username38')
COMMIT
INSERT INTO USERS VALUES(40,'password39','username39')
COMMIT
INSERT INTO USERS VALUES(41,'password40','username40')
COMMIT
INSERT INTO USERS VALUES(42,'password41','username41')
COMMIT
INSERT INTO USERS VALUES(43,'password42','username42')
COMMIT
INSERT INTO USERS VALUES(44,'password43','username43')
COMMIT
INSERT INTO USERS VALUES(45,'password44','username44')
COMMIT
INSERT INTO USERS VALUES(46,'password45','username45')
COMMIT
INSERT INTO USERS VALUES(47,'password46','username46')
COMMIT
INSERT INTO USERS VALUES(48,'password47','username47')
COMMIT
INSERT INTO USERS VALUES(49,'password48','username48')
COMMIT
INSERT INTO USERS VALUES(50,'password49','username49')
COMMIT
INSERT INTO USERS VALUES(51,'password50','username50')
COMMIT
INSERT INTO USERS VALUES(52,'password51','username51')
COMMIT
INSERT INTO USERS VALUES(53,'password52','username52')
COMMIT
INSERT INTO USERS VALUES(54,'password53','username53')
COMMIT
INSERT INTO USERS VALUES(55,'password54','username54')
COMMIT
INSERT INTO USERS VALUES(56,'password55','username55')
COMMIT
INSERT INTO USERS VALUES(57,'password56','username56')
COMMIT
INSERT INTO USERS VALUES(58,'password57','username57')
COMMIT
INSERT INTO USERS VALUES(59,'password58','username58')
COMMIT
INSERT INTO USERS VALUES(60,'password59','username59')
COMMIT
INSERT INTO USERS VALUES(61,'password60','username60')
COMMIT
INSERT INTO USERS VALUES(62,'password61','username61')
COMMIT
INSERT INTO USERS VALUES(63,'password62','username62')
COMMIT
INSERT INTO USERS VALUES(64,'password63','username63')
COMMIT
INSERT INTO USERS VALUES(65,'password64','username64')
COMMIT
INSERT INTO USERS VALUES(66,'password65','username65')
COMMIT
INSERT INTO USERS VALUES(67,'password66','username66')
COMMIT
INSERT INTO USERS VALUES(68,'password67','username67')
COMMIT
INSERT INTO USERS VALUES(69,'password68','username68')
COMMIT
INSERT INTO USERS VALUES(70,'password69','username69')
COMMIT
INSERT INTO USERS VALUES(71,'password70','username70')
COMMIT
INSERT INTO USERS VALUES(72,'password71','username71')
COMMIT
INSERT INTO USERS VALUES(73,'password72','username72')
COMMIT
INSERT INTO USERS VALUES(74,'password73','username73')
COMMIT
INSERT INTO USERS VALUES(75,'password74','username74')
COMMIT
INSERT INTO USERS VALUES(76,'password75','username75')
COMMIT
INSERT INTO USERS VALUES(77,'password76','username76')
COMMIT
INSERT INTO USERS VALUES(78,'password77','username77')
COMMIT
INSERT INTO USERS VALUES(79,'password78','username78')
COMMIT
INSERT INTO USERS VALUES(80,'password79','username79')
COMMIT
INSERT INTO USERS VALUES(81,'password80','username80')
COMMIT
INSERT INTO USERS VALUES(82,'password81','username81')
COMMIT
